<?xml version="1.0" encoding="UTF-8"?>
<testsuite xmlns:xsi="http://www.w3.org/2001/XMLSchema-instance" xsi:noNamespaceSchemaLocation="https://maven.apache.org/surefire/maven-surefire-plugin/xsd/surefire-test-report-3.0.xsd" version="3.0" name="fr.kaibee.RoverTest" time="0.067" tests="31" errors="0" skipped="0" failures="0">
  <properties>
[...]
</properties>
  <testcase name="Should_Abort_Instructions_When_Move_Forward_To_Position_With_Rover" classname="fr.kaibee.RoverTest" time="0.039"/>
  <testcase name="Should_Move_Y_4_When_Y_3_Previous_Direction_North_And_Instruction_Is_Forward" classname="fr.kaibee.RoverTest" time="0.001"/>
  <testcase name="Should_Turn_Rover_North_When_Previous_Direction_East_And_Instruction_Is_Left" classname="fr.kaibee.RoverTest" time="0.002"/>
  <testcase name="Should_Move_X_2_When_X_3_Previous_Direction_East_And_Instruction_Is_Backward" classname="fr.kaibee.RoverTest" time="0"/>
  <testcase name="Should_Turn_Rover_East_When_Previous_Direction_North_And_Instruction_Is_Right" classname="fr.kaibee.RoverTest" time="0"/>
  <testcase name="Should_X_Has_1_When_X_Is_MaxX_And_Direction_EAST_And_Instruction_Forward" classname="fr.kaibee.RoverTest" time="0"/>
  <testcase name="Should_Move_X_2_When_X_3_Previous_Direction_West_And_Instruction_Is_Forward" classname="fr.kaibee.RoverTest" time="0.001"/>
  <testcase name="Should_Move_Y_2_When_Y_1_Previous_Direction_South_And_Instruction_Is_Backward" classname="fr.kaibee.RoverTest" time="0"/>
  <testcase name="Should_Move_Y_3_When_Y_2_Previous_Direction_South_And_Instruction_Is_Backward" classname="fr.kaibee.RoverTest" time="0"/>
  <testcase name="Should_Move_X_3_When_X_2_Previous_Direction_East_And_Instruction_Is_Forward" classname="fr.kaibee.RoverTest" time="0.001"/>
  <testcase name="Should_Turn_Rover_West_When_Previous_Direction_South_And_Instruction_Is_Right" classname="fr.kaibee.RoverTest" time="0"/>
  <testcase name="Should_Move_X_1_When_X_2_Previous_Direction_West_And_Instruction_Is_Forward" classname="fr.kaibee.RoverTest" time="0.001"/>
  <testcase name="Should_Move_X_2_When_X_1_Previous_Direction_East_And_Instruction_Is_Forward" classname="fr.kaibee.RoverTest" time="0"/>
  <testcase name="Should_Turn_Rover_North_When_Previous_Direction_West_And_Instruction_Is_Right" classname="fr.kaibee.RoverTest" time="0"/>
  <testcase name="Should_Move_Y_1_When_Y_2_Previous_Direction_South_And_Instruction_Is_Forward" classname="fr.kaibee.RoverTest" time="0.001"/>
  <testcase name="Should_Y_Has_1_When_Y_Is_MaxY_And_Direction_North_And_Instruction_Forward" classname="fr.kaibee.RoverTest" time="0"/>
  <testcase name="Should_X_Has_1_When_X_Is_MaxX_And_Direction_WEST_And_Instruction_Backward" classname="fr.kaibee.RoverTest" time="0"/>
  <testcase name="Should_Turn_Rover_South_When_Previous_Direction_East_And_Instruction_Is_Right" classname="fr.kaibee.RoverTest" time="0.001"/>
  <testcase name="Should_Y_Has_MaxY_When_Y_Is_1_And_Direction_South_And_Instruction_Forward" classname="fr.kaibee.RoverTest" time="0"/>
  <testcase name="Should_Move_Y_2_When_Y_3_Previous_Direction_South_And_Instruction_Is_Forward" classname="fr.kaibee.RoverTest" time="0"/>
  <testcase name="Should_Turn_Rover_South_When_Previous_Direction_West_And_Instruction_Is_Left" classname="fr.kaibee.RoverTest" time="0"/>
  <testcase name="Should_Move_Y_1_When_Y_2_Previous_Direction_North_And_Instruction_Is_Backward" classname="fr.kaibee.RoverTest" time="0"/>
  <testcase name="Should_Turn_Rover_East_When_Previous_Direction_South_And_Instruction_Is_Left" classname="fr.kaibee.RoverTest" time="0"/>
  <testcase name="Should_Turn_Rover_West_When_Previous_Direction_North_And_Instruction_Is_Left" classname="fr.kaibee.RoverTest" time="0.001"/>
  <testcase name="Should_Move_Y_2_When_Y_3_Previous_Direction_North_And_Instruction_Is_Backward" classname="fr.kaibee.RoverTest" time="0"/>
  <testcase name="Should_Move_X_2_When_X_1_Previous_Direction_West_And_Instruction_Is_Backward" classname="fr.kaibee.RoverTest" time="0.001"/>
  <testcase name="Should_X_Has_MaxX_When_X_Is_1_And_Direction_WEST_And_Instruction_Forward" classname="fr.kaibee.RoverTest" time="0"/>
  <testcase name="Should_Move_Y_3_When_Y_2_Previous_Direction_North_And_Instruction_Is_Forward" classname="fr.kaibee.RoverTest" time="0"/>
  <testcase name="Should_Move_X_1_When_X_2_Previous_Direction_East_And_Instruction_Is_Backward" classname="fr.kaibee.RoverTest" time="0"/>
  <testcase name="Should_Abort_Instructions_When_Move_Backward_To_Position_With_Rover" classname="fr.kaibee.RoverTest" time="0"/>
  <testcase name="Should_Move_X_3_When_X_2_Previous_Direction_West_And_Instruction_Is_Backward" classname="fr.kaibee.RoverTest" time="0"/>
</testsuite>